Started GET "/" for 127.0.0.1 at 2017-07-14 10:12:50 -0400
Processing by PokemonController#index as HTML
Completed 406 Not Acceptable in 59ms (ActiveRecord: 0.0ms)


  
ActionController::UnknownFormat (PokemonController#index is missing a template for this request format and variant.

request.formats: ["text/html"]
request.variant: []

NOTE! For XHR/Ajax or API requests, this action would normally respond with 204 No Content: an empty white screen. Since you're loading it in a web browser, we assume that you expected to actually render a template, not nothing, so we're showing an error to be extra-clear. If you expect 204 No Content, carry on. That's what you'll get from an XHR or API request. Give it a shot.):
  
actionpack (5.0.4) lib/action_controller/metal/implicit_render.rb:56:in `default_render'
actionpack (5.0.4) lib/action_controller/metal/basic_implicit_render.rb:4:in `block in send_action'
actionpack (5.0.4) lib/action_controller/metal/basic_implicit_render.rb:4:in `tap'
actionpack (5.0.4) lib/action_controller/metal/basic_implicit_render.rb:4:in `send_action'
actionpack (5.0.4) lib/abstract_controller/base.rb:188:in `process_action'
actionpack (5.0.4) lib/action_controller/metal/rendering.rb:30:in `process_action'
actionpack (5.0.4) lib/abstract_controller/callbacks.rb:20:in `block in process_action'
activesupport (5.0.4) lib/active_support/callbacks.rb:126:in `call'
activesupport (5.0.4) lib/active_support/callbacks.rb:506:in `block (2 levels) in compile'
activesupport (5.0.4) lib/active_support/callbacks.rb:455:in `call'
activesupport (5.0.4) lib/active_support/callbacks.rb:101:in `__run_callbacks__'
activesupport (5.0.4) lib/active_support/callbacks.rb:750:in `_run_process_action_callbacks'
activesupport (5.0.4) lib/active_support/callbacks.rb:90:in `run_callbacks'
actionpack (5.0.4) lib/abstract_controller/callbacks.rb:19:in `process_action'
actionpack (5.0.4) lib/action_controller/metal/rescue.rb:20:in `process_action'
actionpack (5.0.4) lib/action_controller/metal/instrumentation.rb:32:in `block in process_action'
activesupport (5.0.4) lib/active_support/notifications.rb:164:in `block in instrument'
activesupport (5.0.4) lib/active_support/notifications/instrumenter.rb:21:in `instrument'
activesupport (5.0.4) lib/active_support/notifications.rb:164:in `instrument'
actionpack (5.0.4) lib/action_controller/metal/instrumentation.rb:30:in `process_action'
actionpack (5.0.4) lib/action_controller/metal/params_wrapper.rb:248:in `process_action'
activerecord (5.0.4) lib/active_record/railties/controller_runtime.rb:18:in `process_action'
actionpack (5.0.4) lib/abstract_controller/base.rb:126:in `process'
actionview (5.0.4) lib/action_view/rendering.rb:30:in `process'
actionpack (5.0.4) lib/action_controller/metal.rb:190:in `dispatch'
actionpack (5.0.4) lib/action_controller/metal.rb:262:in `dispatch'
actionpack (5.0.4) lib/action_dispatch/routing/route_set.rb:50:in `dispatch'
actionpack (5.0.4) lib/action_dispatch/routing/route_set.rb:32:in `serve'
actionpack (5.0.4) lib/action_dispatch/journey/router.rb:39:in `block in serve'
actionpack (5.0.4) lib/action_dispatch/journey/router.rb:26:in `each'
actionpack (5.0.4) lib/action_dispatch/journey/router.rb:26:in `serve'
actionpack (5.0.4) lib/action_dispatch/routing/route_set.rb:725:in `call'
rack (2.0.3) lib/rack/etag.rb:25:in `call'
rack (2.0.3) lib/rack/conditional_get.rb:25:in `call'
rack (2.0.3) lib/rack/head.rb:12:in `call'
rack (2.0.3) lib/rack/session/abstract/id.rb:232:in `context'
rack (2.0.3) lib/rack/session/abstract/id.rb:226:in `call'
actionpack (5.0.4) lib/action_dispatch/middleware/cookies.rb:613:in `call'
activerecord (5.0.4) lib/active_record/migration.rb:553:in `call'
actionpack (5.0.4) lib/action_dispatch/middleware/callbacks.rb:38:in `block in call'
activesupport (5.0.4) lib/active_support/callbacks.rb:97:in `__run_callbacks__'
activesupport (5.0.4) lib/active_support/callbacks.rb:750:in `_run_call_callbacks'
activesupport (5.0.4) lib/active_support/callbacks.rb:90:in `run_callbacks'
actionpack (5.0.4) lib/action_dispatch/middleware/callbacks.rb:36:in `call'
actionpack (5.0.4) lib/action_dispatch/middleware/executor.rb:12:in `call'
actionpack (5.0.4) lib/action_dispatch/middleware/remote_ip.rb:79:in `call'
actionpack (5.0.4) lib/action_dispatch/middleware/debug_exceptions.rb:49:in `call'
web-console (3.5.1) lib/web_console/middleware.rb:135:in `call_app'
web-console (3.5.1) lib/web_console/middleware.rb:28:in `block in call'
web-console (3.5.1) lib/web_console/middleware.rb:18:in `catch'
web-console (3.5.1) lib/web_console/middleware.rb:18:in `call'
actionpack (5.0.4) lib/action_dispatch/middleware/show_exceptions.rb:31:in `call'
railties (5.0.4) lib/rails/rack/logger.rb:36:in `call_app'
railties (5.0.4) lib/rails/rack/logger.rb:24:in `block in call'
activesupport (5.0.4) lib/active_support/tagged_logging.rb:69:in `block in tagged'
activesupport (5.0.4) lib/active_support/tagged_logging.rb:26:in `tagged'
activesupport (5.0.4) lib/active_support/tagged_logging.rb:69:in `tagged'
railties (5.0.4) lib/rails/rack/logger.rb:24:in `call'
sprockets-rails (3.2.0) lib/sprockets/rails/quiet_assets.rb:13:in `call'
actionpack (5.0.4) lib/action_dispatch/middleware/request_id.rb:24:in `call'
rack (2.0.3) lib/rack/method_override.rb:22:in `call'
rack (2.0.3) lib/rack/runtime.rb:22:in `call'
activesupport (5.0.4) lib/active_support/cache/strategy/local_cache_middleware.rb:28:in `call'
actionpack (5.0.4) lib/action_dispatch/middleware/executor.rb:12:in `call'
actionpack (5.0.4) lib/action_dispatch/middleware/static.rb:136:in `call'
rack (2.0.3) lib/rack/sendfile.rb:111:in `call'
railties (5.0.4) lib/rails/engine.rb:522:in `call'
puma (3.9.1) lib/puma/configuration.rb:224:in `call'
puma (3.9.1) lib/puma/server.rb:602:in `handle_request'
puma (3.9.1) lib/puma/server.rb:435:in `process_client'
puma (3.9.1) lib/puma/server.rb:299:in `block in run'
puma (3.9.1) lib/puma/thread_pool.rb:120:in `block in spawn_thread'
  Rendering /Users/daniel/.rbenv/versions/2.4.1/lib/ruby/gems/2.4.0/gems/actionpack-5.0.4/lib/action_dispatch/middleware/templates/rescues/diagnostics.html.erb within rescues/layout
  Rendering /Users/daniel/.rbenv/versions/2.4.1/lib/ruby/gems/2.4.0/gems/actionpack-5.0.4/lib/action_dispatch/middleware/templates/rescues/_source.html.erb
  Rendered /Users/daniel/.rbenv/versions/2.4.1/lib/ruby/gems/2.4.0/gems/actionpack-5.0.4/lib/action_dispatch/middleware/templates/rescues/_source.html.erb (3.1ms)
  Rendering /Users/daniel/.rbenv/versions/2.4.1/lib/ruby/gems/2.4.0/gems/actionpack-5.0.4/lib/action_dispatch/middleware/templates/rescues/_trace.html.erb
  Rendered /Users/daniel/.rbenv/versions/2.4.1/lib/ruby/gems/2.4.0/gems/actionpack-5.0.4/lib/action_dispatch/middleware/templates/rescues/_trace.html.erb (1.7ms)
  Rendering /Users/daniel/.rbenv/versions/2.4.1/lib/ruby/gems/2.4.0/gems/actionpack-5.0.4/lib/action_dispatch/middleware/templates/rescues/_request_and_response.html.erb
  Rendered /Users/daniel/.rbenv/versions/2.4.1/lib/ruby/gems/2.4.0/gems/actionpack-5.0.4/lib/action_dispatch/middleware/templates/rescues/_request_and_response.html.erb (0.7ms)
  Rendered /Users/daniel/.rbenv/versions/2.4.1/lib/ruby/gems/2.4.0/gems/actionpack-5.0.4/lib/action_dispatch/middleware/templates/rescues/diagnostics.html.erb within rescues/layout (77.5ms)
Started GET "/" for 127.0.0.1 at 2017-07-14 10:13:29 -0400
Processing by PokemonController#index as HTML
  Rendering pokemon/index.html.erb within layouts/application
  Rendered pokemon/index.html.erb within layouts/application (0.3ms)
Completed 200 OK in 703ms (Views: 701.4ms | ActiveRecord: 0.0ms)


Started GET "/" for 127.0.0.1 at 2017-07-14 10:29:05 -0400
Processing by PokemonController#index as HTML
Completed 500 Internal Server Error in 2ms (ActiveRecord: 0.0ms)


  
NameError (uninitialized constant PokemonController::Typhoeus):
  
app/controllers/pokemon_controller.rb:4:in `index'
  Rendering /Users/daniel/.rbenv/versions/2.4.1/lib/ruby/gems/2.4.0/gems/actionpack-5.0.4/lib/action_dispatch/middleware/templates/rescues/diagnostics.html.erb within rescues/layout
  Rendering /Users/daniel/.rbenv/versions/2.4.1/lib/ruby/gems/2.4.0/gems/actionpack-5.0.4/lib/action_dispatch/middleware/templates/rescues/_source.html.erb
  Rendered /Users/daniel/.rbenv/versions/2.4.1/lib/ruby/gems/2.4.0/gems/actionpack-5.0.4/lib/action_dispatch/middleware/templates/rescues/_source.html.erb (3.1ms)
  Rendering /Users/daniel/.rbenv/versions/2.4.1/lib/ruby/gems/2.4.0/gems/actionpack-5.0.4/lib/action_dispatch/middleware/templates/rescues/_trace.html.erb
  Rendered /Users/daniel/.rbenv/versions/2.4.1/lib/ruby/gems/2.4.0/gems/actionpack-5.0.4/lib/action_dispatch/middleware/templates/rescues/_trace.html.erb (1.3ms)
  Rendering /Users/daniel/.rbenv/versions/2.4.1/lib/ruby/gems/2.4.0/gems/actionpack-5.0.4/lib/action_dispatch/middleware/templates/rescues/_request_and_response.html.erb
  Rendered /Users/daniel/.rbenv/versions/2.4.1/lib/ruby/gems/2.4.0/gems/actionpack-5.0.4/lib/action_dispatch/middleware/templates/rescues/_request_and_response.html.erb (0.7ms)
  Rendered /Users/daniel/.rbenv/versions/2.4.1/lib/ruby/gems/2.4.0/gems/actionpack-5.0.4/lib/action_dispatch/middleware/templates/rescues/diagnostics.html.erb within rescues/layout (66.5ms)
Started GET "/" for 127.0.0.1 at 2017-07-14 10:30:26 -0400
Processing by PokemonController#index as HTML
ETHON: Libcurl initialized
ETHON: performed EASY effective_url=http://pokeapi.co/api/v2/pokemon/?limit=15 response_code=200 return_code=ok total_time=0.18978399999999995
  Rendering pokemon/index.html.erb within layouts/application
  Rendered pokemon/index.html.erb within layouts/application (1.2ms)
Completed 200 OK in 394ms (Views: 189.9ms | ActiveRecord: 0.0ms)


Started GET "/" for 127.0.0.1 at 2017-07-14 10:30:48 -0400
Processing by PokemonController#index as HTML
ETHON: performed EASY effective_url=http://pokeapi.co/api/v2/pokemon/?limit=15 response_code=200 return_code=ok total_time=0.33493
  Rendering pokemon/index.html.erb within layouts/application
  Rendered pokemon/index.html.erb within layouts/application (0.3ms)
Completed 200 OK in 369ms (Views: 31.6ms | ActiveRecord: 0.0ms)


Started GET "/" for 127.0.0.1 at 2017-07-14 10:31:40 -0400
Processing by PokemonController#index as HTML
ETHON: performed EASY effective_url=http://pokeapi.co/api/v2/pokemon/?limit=15 response_code=200 return_code=ok total_time=0.158382
  Rendering pokemon/index.html.erb within layouts/application
  Rendered pokemon/index.html.erb within layouts/application (0.5ms)
Completed 200 OK in 180ms (Views: 18.3ms | ActiveRecord: 0.0ms)


Started GET "/" for 127.0.0.1 at 2017-07-14 10:32:31 -0400
Processing by PokemonController#index as HTML
ETHON: performed EASY effective_url=http://pokeapi.co/api/v2/pokemon/?limit=15 response_code=200 return_code=ok total_time=0.16621300000000006
  Rendering pokemon/index.html.erb within layouts/application
  Rendered pokemon/index.html.erb within layouts/application (0.4ms)
Completed 200 OK in 196ms (Views: 26.4ms | ActiveRecord: 0.0ms)


Started GET "/" for 127.0.0.1 at 2017-07-14 10:33:09 -0400
Processing by PokemonController#index as HTML
ETHON: performed EASY effective_url=http://pokeapi.co/api/v2/pokemon/?limit=15 response_code=200 return_code=ok total_time=2.7389580000000002
Completed 500 Internal Server Error in 2888ms (ActiveRecord: 0.0ms)


  
NameError (undefined local variable or method `pokemon_response' for #<PokemonController:0x007faedd869730>
Did you mean?  @pokemon_response):
  
app/controllers/pokemon_controller.rb:7:in `index'
  Rendering /Users/daniel/.rbenv/versions/2.4.1/lib/ruby/gems/2.4.0/gems/actionpack-5.0.4/lib/action_dispatch/middleware/templates/rescues/diagnostics.html.erb within rescues/layout
  Rendering /Users/daniel/.rbenv/versions/2.4.1/lib/ruby/gems/2.4.0/gems/actionpack-5.0.4/lib/action_dispatch/middleware/templates/rescues/_source.html.erb
  Rendered /Users/daniel/.rbenv/versions/2.4.1/lib/ruby/gems/2.4.0/gems/actionpack-5.0.4/lib/action_dispatch/middleware/templates/rescues/_source.html.erb (3.9ms)
  Rendering /Users/daniel/.rbenv/versions/2.4.1/lib/ruby/gems/2.4.0/gems/actionpack-5.0.4/lib/action_dispatch/middleware/templates/rescues/_trace.html.erb
  Rendered /Users/daniel/.rbenv/versions/2.4.1/lib/ruby/gems/2.4.0/gems/actionpack-5.0.4/lib/action_dispatch/middleware/templates/rescues/_trace.html.erb (6.3ms)
  Rendering /Users/daniel/.rbenv/versions/2.4.1/lib/ruby/gems/2.4.0/gems/actionpack-5.0.4/lib/action_dispatch/middleware/templates/rescues/_request_and_response.html.erb
  Rendered /Users/daniel/.rbenv/versions/2.4.1/lib/ruby/gems/2.4.0/gems/actionpack-5.0.4/lib/action_dispatch/middleware/templates/rescues/_request_and_response.html.erb (0.6ms)
  Rendered /Users/daniel/.rbenv/versions/2.4.1/lib/ruby/gems/2.4.0/gems/actionpack-5.0.4/lib/action_dispatch/middleware/templates/rescues/diagnostics.html.erb within rescues/layout (125.8ms)
Started GET "/" for 127.0.0.1 at 2017-07-14 10:33:29 -0400
Processing by PokemonController#index as HTML
ETHON: performed EASY effective_url=http://pokeapi.co/api/v2/pokemon/?limit=15 response_code=200 return_code=ok total_time=3.734846
Completed 500 Internal Server Error in 3842ms (ActiveRecord: 0.0ms)


  
NameError (undefined local variable or method `pokemon_response' for #<PokemonController:0x007faed9779658>
Did you mean?  @pokemon_response):
  
app/controllers/pokemon_controller.rb:7:in `index'
  Rendering /Users/daniel/.rbenv/versions/2.4.1/lib/ruby/gems/2.4.0/gems/actionpack-5.0.4/lib/action_dispatch/middleware/templates/rescues/diagnostics.html.erb within rescues/layout
  Rendering /Users/daniel/.rbenv/versions/2.4.1/lib/ruby/gems/2.4.0/gems/actionpack-5.0.4/lib/action_dispatch/middleware/templates/rescues/_source.html.erb
  Rendered /Users/daniel/.rbenv/versions/2.4.1/lib/ruby/gems/2.4.0/gems/actionpack-5.0.4/lib/action_dispatch/middleware/templates/rescues/_source.html.erb (7.0ms)
  Rendering /Users/daniel/.rbenv/versions/2.4.1/lib/ruby/gems/2.4.0/gems/actionpack-5.0.4/lib/action_dispatch/middleware/templates/rescues/_trace.html.erb
  Rendered /Users/daniel/.rbenv/versions/2.4.1/lib/ruby/gems/2.4.0/gems/actionpack-5.0.4/lib/action_dispatch/middleware/templates/rescues/_trace.html.erb (2.7ms)
  Rendering /Users/daniel/.rbenv/versions/2.4.1/lib/ruby/gems/2.4.0/gems/actionpack-5.0.4/lib/action_dispatch/middleware/templates/rescues/_request_and_response.html.erb
  Rendered /Users/daniel/.rbenv/versions/2.4.1/lib/ruby/gems/2.4.0/gems/actionpack-5.0.4/lib/action_dispatch/middleware/templates/rescues/_request_and_response.html.erb (0.6ms)
  Rendered /Users/daniel/.rbenv/versions/2.4.1/lib/ruby/gems/2.4.0/gems/actionpack-5.0.4/lib/action_dispatch/middleware/templates/rescues/diagnostics.html.erb within rescues/layout (138.4ms)
Started GET "/" for 127.0.0.1 at 2017-07-14 10:33:39 -0400
Processing by PokemonController#index as HTML
ETHON: performed EASY effective_url=http://pokeapi.co/api/v2/pokemon/?limit=15 response_code=200 return_code=ok total_time=0.161979
  Rendering pokemon/index.html.erb within layouts/application
  Rendered pokemon/index.html.erb within layouts/application (0.4ms)
Completed 200 OK in 179ms (Views: 15.1ms | ActiveRecord: 0.0ms)


Started GET "/" for 127.0.0.1 at 2017-07-14 10:34:47 -0400
Processing by PokemonController#index as HTML
ETHON: performed EASY effective_url=http://pokeapi.co/api/v2/pokemon/?limit=15 response_code=200 return_code=ok total_time=0.165809
  Rendering pokemon/index.html.erb within layouts/application
  Rendered pokemon/index.html.erb within layouts/application (2.9ms)
Completed 500 Internal Server Error in 177ms (ActiveRecord: 0.0ms)


  
ActionView::Template::Error (undefined method `body' for nil:NilClass):
    1: <h1>Pokemon info</h1>
    2: 
    3: <%= @pokemon_response.body %>
    4: <%= @pokemon %>
  
app/views/pokemon/index.html.erb:3:in `_app_views_pokemon_index_html_erb__1547739960119975343_70194473692220'
  Rendering /Users/daniel/.rbenv/versions/2.4.1/lib/ruby/gems/2.4.0/gems/actionpack-5.0.4/lib/action_dispatch/middleware/templates/rescues/template_error.html.erb within rescues/layout
  Rendering /Users/daniel/.rbenv/versions/2.4.1/lib/ruby/gems/2.4.0/gems/actionpack-5.0.4/lib/action_dispatch/middleware/templates/rescues/_source.html.erb
  Rendered /Users/daniel/.rbenv/versions/2.4.1/lib/ruby/gems/2.4.0/gems/actionpack-5.0.4/lib/action_dispatch/middleware/templates/rescues/_source.html.erb (4.1ms)
  Rendering /Users/daniel/.rbenv/versions/2.4.1/lib/ruby/gems/2.4.0/gems/actionpack-5.0.4/lib/action_dispatch/middleware/templates/rescues/_trace.html.erb
  Rendered /Users/daniel/.rbenv/versions/2.4.1/lib/ruby/gems/2.4.0/gems/actionpack-5.0.4/lib/action_dispatch/middleware/templates/rescues/_trace.html.erb (1.7ms)
  Rendering /Users/daniel/.rbenv/versions/2.4.1/lib/ruby/gems/2.4.0/gems/actionpack-5.0.4/lib/action_dispatch/middleware/templates/rescues/_request_and_response.html.erb
  Rendered /Users/daniel/.rbenv/versions/2.4.1/lib/ruby/gems/2.4.0/gems/actionpack-5.0.4/lib/action_dispatch/middleware/templates/rescues/_request_and_response.html.erb (0.7ms)
  Rendered /Users/daniel/.rbenv/versions/2.4.1/lib/ruby/gems/2.4.0/gems/actionpack-5.0.4/lib/action_dispatch/middleware/templates/rescues/template_error.html.erb within rescues/layout (67.4ms)
Started GET "/" for 127.0.0.1 at 2017-07-14 10:34:53 -0400
Processing by PokemonController#index as HTML
ETHON: performed EASY effective_url=http://pokeapi.co/api/v2/pokemon/?limit=15 response_code=200 return_code=ok total_time=0.292127
  Rendering pokemon/index.html.erb within layouts/application
  Rendered pokemon/index.html.erb within layouts/application (0.4ms)
Completed 200 OK in 310ms (Views: 15.7ms | ActiveRecord: 0.0ms)


Started GET "/" for 127.0.0.1 at 2017-07-14 10:37:06 -0400
Processing by PokemonController#index as HTML
ETHON: performed EASY effective_url=http://pokeapi.co/api/v2/pokemon/?limit=15 response_code=200 return_code=ok total_time=4.029264
  Rendering pokemon/index.html.erb within layouts/application
  Rendered pokemon/index.html.erb within layouts/application (3.3ms)
Completed 500 Internal Server Error in 4038ms (ActiveRecord: 0.0ms)


  
ActionView::Template::Error (undefined method `each' for #<String:0x007faedc9fd908>):
    2: 
    3: <%= @pokemon %>
    4: 
    5: <% @pokemon.each do |current_pokemon| %>
    6:   <p><%= current_pokemon.name %></p>
    7: <% end %>
  
app/views/pokemon/index.html.erb:5:in `_app_views_pokemon_index_html_erb__1547739960119975343_70194453894140'
  Rendering /Users/daniel/.rbenv/versions/2.4.1/lib/ruby/gems/2.4.0/gems/actionpack-5.0.4/lib/action_dispatch/middleware/templates/rescues/template_error.html.erb within rescues/layout
  Rendering /Users/daniel/.rbenv/versions/2.4.1/lib/ruby/gems/2.4.0/gems/actionpack-5.0.4/lib/action_dispatch/middleware/templates/rescues/_source.html.erb
  Rendered /Users/daniel/.rbenv/versions/2.4.1/lib/ruby/gems/2.4.0/gems/actionpack-5.0.4/lib/action_dispatch/middleware/templates/rescues/_source.html.erb (3.6ms)
  Rendering /Users/daniel/.rbenv/versions/2.4.1/lib/ruby/gems/2.4.0/gems/actionpack-5.0.4/lib/action_dispatch/middleware/templates/rescues/_trace.html.erb
  Rendered /Users/daniel/.rbenv/versions/2.4.1/lib/ruby/gems/2.4.0/gems/actionpack-5.0.4/lib/action_dispatch/middleware/templates/rescues/_trace.html.erb (1.8ms)
  Rendering /Users/daniel/.rbenv/versions/2.4.1/lib/ruby/gems/2.4.0/gems/actionpack-5.0.4/lib/action_dispatch/middleware/templates/rescues/_request_and_response.html.erb
  Rendered /Users/daniel/.rbenv/versions/2.4.1/lib/ruby/gems/2.4.0/gems/actionpack-5.0.4/lib/action_dispatch/middleware/templates/rescues/_request_and_response.html.erb (0.6ms)
  Rendered /Users/daniel/.rbenv/versions/2.4.1/lib/ruby/gems/2.4.0/gems/actionpack-5.0.4/lib/action_dispatch/middleware/templates/rescues/template_error.html.erb within rescues/layout (67.6ms)
Started GET "/" for 127.0.0.1 at 2017-07-14 10:39:22 -0400
Processing by PokemonController#index as HTML
ETHON: performed EASY effective_url=http://pokeapi.co/api/v2/pokemon/?limit=15 response_code=200 return_code=ok total_time=0.174873
  Rendering pokemon/index.html.erb within layouts/application
  Rendered pokemon/index.html.erb within layouts/application (0.4ms)
Completed 200 OK in 192ms (Views: 14.9ms | ActiveRecord: 0.0ms)


Started GET "/" for 127.0.0.1 at 2017-07-14 10:40:51 -0400
Processing by PokemonController#index as HTML
ETHON: performed EASY effective_url=http://pokeapi.co/api/v2/pokemon/?limit=15 response_code=200 return_code=ok total_time=23.426024
  Rendering pokemon/index.html.erb within layouts/application
  Rendered pokemon/index.html.erb within layouts/application (0.5ms)
Completed 200 OK in 23444ms (Views: 14.8ms | ActiveRecord: 0.0ms)


Started GET "/" for 127.0.0.1 at 2017-07-14 10:45:02 -0400
Processing by PokemonController#index as HTML
ETHON: performed EASY effective_url=http://pokeapi.co/api/v2/pokemon/?limit=15 response_code=200 return_code=ok total_time=0.21823
  Rendering pokemon/index.html.erb within layouts/application
  Rendered pokemon/index.html.erb within layouts/application (3.5ms)
Completed 500 Internal Server Error in 229ms (ActiveRecord: 0.0ms)


  
ActionView::Template::Error (undefined method `name' for #<Hash:0x007faedda60868>):
    2: 
    3: 
    4: <% @pokemon.each do |current_pokemon| %>
    5:   <p><%= current_pokemon.name %></p>
    6: <% end %>
    7: 
    8: <%= @pokemon %>
  
app/views/pokemon/index.html.erb:5:in `block in _app_views_pokemon_index_html_erb__1547739960119975343_70194502852480'
app/views/pokemon/index.html.erb:4:in `each'
app/views/pokemon/index.html.erb:4:in `_app_views_pokemon_index_html_erb__1547739960119975343_70194502852480'
  Rendering /Users/daniel/.rbenv/versions/2.4.1/lib/ruby/gems/2.4.0/gems/actionpack-5.0.4/lib/action_dispatch/middleware/templates/rescues/template_error.html.erb within rescues/layout
  Rendering /Users/daniel/.rbenv/versions/2.4.1/lib/ruby/gems/2.4.0/gems/actionpack-5.0.4/lib/action_dispatch/middleware/templates/rescues/_source.html.erb
  Rendered /Users/daniel/.rbenv/versions/2.4.1/lib/ruby/gems/2.4.0/gems/actionpack-5.0.4/lib/action_dispatch/middleware/templates/rescues/_source.html.erb (3.9ms)
  Rendering /Users/daniel/.rbenv/versions/2.4.1/lib/ruby/gems/2.4.0/gems/actionpack-5.0.4/lib/action_dispatch/middleware/templates/rescues/_trace.html.erb
  Rendered /Users/daniel/.rbenv/versions/2.4.1/lib/ruby/gems/2.4.0/gems/actionpack-5.0.4/lib/action_dispatch/middleware/templates/rescues/_trace.html.erb (1.5ms)
  Rendering /Users/daniel/.rbenv/versions/2.4.1/lib/ruby/gems/2.4.0/gems/actionpack-5.0.4/lib/action_dispatch/middleware/templates/rescues/_request_and_response.html.erb
  Rendered /Users/daniel/.rbenv/versions/2.4.1/lib/ruby/gems/2.4.0/gems/actionpack-5.0.4/lib/action_dispatch/middleware/templates/rescues/_request_and_response.html.erb (0.6ms)
  Rendered /Users/daniel/.rbenv/versions/2.4.1/lib/ruby/gems/2.4.0/gems/actionpack-5.0.4/lib/action_dispatch/middleware/templates/rescues/template_error.html.erb within rescues/layout (68.8ms)
Started GET "/" for 127.0.0.1 at 2017-07-14 10:45:32 -0400
Processing by PokemonController#index as HTML
ETHON: performed EASY effective_url=http://pokeapi.co/api/v2/pokemon/?limit=15 response_code=200 return_code=ok total_time=0.167218
  Rendering pokemon/index.html.erb within layouts/application
  Rendered pokemon/index.html.erb within layouts/application (0.5ms)
Completed 200 OK in 185ms (Views: 15.0ms | ActiveRecord: 0.0ms)


Started GET "/" for 127.0.0.1 at 2017-07-14 10:46:12 -0400
Processing by PokemonController#index as HTML
ETHON: performed EASY effective_url=http://pokeapi.co/api/v2/pokemon/?limit=15 response_code=200 return_code=ok total_time=12.335708
  Rendering pokemon/index.html.erb within layouts/application
  Rendered pokemon/index.html.erb within layouts/application (3.2ms)
Completed 500 Internal Server Error in 12348ms (ActiveRecord: 0.0ms)


  
ActionView::Template::Error (undefined method `name' for #<Hash:0x007faedfa09200>):
    2: 
    3: 
    4: <% @pokemon.each do |current_pokemon| %>
    5:   <p><%= current_pokemon.name %></p>
    6: <% end %>
    7: 
    8: <%= @pokemon %>
  
app/views/pokemon/index.html.erb:5:in `block in _app_views_pokemon_index_html_erb__1547739960119975343_70194526426960'
app/views/pokemon/index.html.erb:4:in `each'
app/views/pokemon/index.html.erb:4:in `_app_views_pokemon_index_html_erb__1547739960119975343_70194526426960'
  Rendering /Users/daniel/.rbenv/versions/2.4.1/lib/ruby/gems/2.4.0/gems/actionpack-5.0.4/lib/action_dispatch/middleware/templates/rescues/template_error.html.erb within rescues/layout
  Rendering /Users/daniel/.rbenv/versions/2.4.1/lib/ruby/gems/2.4.0/gems/actionpack-5.0.4/lib/action_dispatch/middleware/templates/rescues/_source.html.erb
  Rendered /Users/daniel/.rbenv/versions/2.4.1/lib/ruby/gems/2.4.0/gems/actionpack-5.0.4/lib/action_dispatch/middleware/templates/rescues/_source.html.erb (4.7ms)
  Rendering /Users/daniel/.rbenv/versions/2.4.1/lib/ruby/gems/2.4.0/gems/actionpack-5.0.4/lib/action_dispatch/middleware/templates/rescues/_trace.html.erb
  Rendered /Users/daniel/.rbenv/versions/2.4.1/lib/ruby/gems/2.4.0/gems/actionpack-5.0.4/lib/action_dispatch/middleware/templates/rescues/_trace.html.erb (1.7ms)
  Rendering /Users/daniel/.rbenv/versions/2.4.1/lib/ruby/gems/2.4.0/gems/actionpack-5.0.4/lib/action_dispatch/middleware/templates/rescues/_request_and_response.html.erb
  Rendered /Users/daniel/.rbenv/versions/2.4.1/lib/ruby/gems/2.4.0/gems/actionpack-5.0.4/lib/action_dispatch/middleware/templates/rescues/_request_and_response.html.erb (0.7ms)
  Rendered /Users/daniel/.rbenv/versions/2.4.1/lib/ruby/gems/2.4.0/gems/actionpack-5.0.4/lib/action_dispatch/middleware/templates/rescues/template_error.html.erb within rescues/layout (68.1ms)
Started GET "/" for 127.0.0.1 at 2017-07-14 10:47:59 -0400
Processing by PokemonController#index as HTML
ETHON: performed EASY effective_url=http://pokeapi.co/api/v2/pokemon/?limit=15 response_code=200 return_code=ok total_time=0.09919
  Rendering pokemon/index.html.erb within layouts/application
  Rendered pokemon/index.html.erb within layouts/application (2.7ms)
Completed 500 Internal Server Error in 108ms (ActiveRecord: 0.0ms)


  
ActionView::Template::Error (undefined method `name' for nil:NilClass):
    3: 
    4: <% @pokemon.each do |current_pokemon| %>
    5:   <% current_pokemon = nil %>
    6:   <p><%= current_pokemon.name %></p>
    7: <% end %>
    8: 
    9: <%= @pokemon %>
  
app/views/pokemon/index.html.erb:6:in `block in _app_views_pokemon_index_html_erb__1547739960119975343_70194474432860'
app/views/pokemon/index.html.erb:4:in `each'
app/views/pokemon/index.html.erb:4:in `_app_views_pokemon_index_html_erb__1547739960119975343_70194474432860'
  Rendering /Users/daniel/.rbenv/versions/2.4.1/lib/ruby/gems/2.4.0/gems/actionpack-5.0.4/lib/action_dispatch/middleware/templates/rescues/template_error.html.erb within rescues/layout
  Rendering /Users/daniel/.rbenv/versions/2.4.1/lib/ruby/gems/2.4.0/gems/actionpack-5.0.4/lib/action_dispatch/middleware/templates/rescues/_source.html.erb
  Rendered /Users/daniel/.rbenv/versions/2.4.1/lib/ruby/gems/2.4.0/gems/actionpack-5.0.4/lib/action_dispatch/middleware/templates/rescues/_source.html.erb (4.4ms)
  Rendering /Users/daniel/.rbenv/versions/2.4.1/lib/ruby/gems/2.4.0/gems/actionpack-5.0.4/lib/action_dispatch/middleware/templates/rescues/_trace.html.erb
  Rendered /Users/daniel/.rbenv/versions/2.4.1/lib/ruby/gems/2.4.0/gems/actionpack-5.0.4/lib/action_dispatch/middleware/templates/rescues/_trace.html.erb (1.6ms)
  Rendering /Users/daniel/.rbenv/versions/2.4.1/lib/ruby/gems/2.4.0/gems/actionpack-5.0.4/lib/action_dispatch/middleware/templates/rescues/_request_and_response.html.erb
  Rendered /Users/daniel/.rbenv/versions/2.4.1/lib/ruby/gems/2.4.0/gems/actionpack-5.0.4/lib/action_dispatch/middleware/templates/rescues/_request_and_response.html.erb (0.7ms)
  Rendered /Users/daniel/.rbenv/versions/2.4.1/lib/ruby/gems/2.4.0/gems/actionpack-5.0.4/lib/action_dispatch/middleware/templates/rescues/template_error.html.erb within rescues/layout (69.8ms)
Started GET "/" for 127.0.0.1 at 2017-07-14 10:48:35 -0400
Processing by PokemonController#index as HTML
ETHON: performed EASY effective_url=http://pokeapi.co/api/v2/pokemon/?limit=15 response_code=200 return_code=ok total_time=0.159797
  Rendering pokemon/index.html.erb within layouts/application
  Rendered pokemon/index.html.erb within layouts/application (0.6ms)
Completed 200 OK in 178ms (Views: 15.3ms | ActiveRecord: 0.0ms)


Started GET "/" for 127.0.0.1 at 2017-07-14 10:56:21 -0400
Processing by PokemonController#index as HTML
ETHON: performed EASY effective_url=http://pokeapi.co/api/v2/pokemon/?limit=15 response_code=200 return_code=ok total_time=0.175828
  Rendering pokemon/index.html.erb within layouts/application
  Rendered pokemon/index.html.erb within layouts/application (0.7ms)
Completed 200 OK in 200ms (Views: 20.8ms | ActiveRecord: 0.0ms)


Started GET "/" for 127.0.0.1 at 2017-07-14 11:01:15 -0400
Processing by PokemonController#index as HTML
ETHON: performed EASY effective_url=http://pokeapi.co/api/v2/pokemon/?limit=15&offset=0 response_code=200 return_code=ok total_time=0.211805
  Rendering pokemon/index.html.erb within layouts/application
  Rendered pokemon/index.html.erb within layouts/application (0.6ms)
Completed 200 OK in 231ms (Views: 16.6ms | ActiveRecord: 0.0ms)


Started GET "/" for 127.0.0.1 at 2017-07-14 11:12:03 -0400
Processing by PokemonController#index as HTML
ETHON: performed EASY effective_url=http://pokeapi.co/api/v2/pokemon/?limit=15&offset=0 response_code=200 return_code=ok total_time=0.19862
ETHON: performed EASY effective_url=http://pokeapi.co/api/v2/pokemon/?limit=15&offset=15 response_code=200 return_code=ok total_time=0.127222
ETHON: performed EASY effective_url=http://pokeapi.co/api/v2/pokemon/?limit=15&offset=30 response_code=200 return_code=ok total_time=0.101304
ETHON: performed EASY effective_url=http://pokeapi.co/api/v2/pokemon/?limit=15&offset=45 response_code=200 return_code=ok total_time=0.094165
ETHON: performed EASY effective_url=http://pokeapi.co/api/v2/pokemon/?limit=15&offset=60 response_code=200 return_code=ok total_time=0.08975500000000003
ETHON: performed EASY effective_url=http://pokeapi.co/api/v2/pokemon/?limit=15&offset=75 response_code=200 return_code=ok total_time=0.156374
ETHON: performed EASY effective_url=http://pokeapi.co/api/v2/pokemon/?limit=15&offset=90 response_code=200 return_code=ok total_time=0.093399
  Rendering pokemon/index.html.erb within layouts/application
  Rendered pokemon/index.html.erb within layouts/application (0.7ms)
Completed 200 OK in 892ms (Views: 23.4ms | ActiveRecord: 0.0ms)


Started GET "/" for 127.0.0.1 at 2017-07-14 11:15:49 -0400
Processing by PokemonController#index as HTML
ETHON: performed EASY effective_url=http://pokeapi.co/api/v2/pokemon/?limit=15&offset=0 response_code=200 return_code=ok total_time=0.181709
ETHON: performed EASY effective_url=http://pokeapi.co/api/v2/pokemon/?limit=15&offset=15 response_code=200 return_code=ok total_time=0.101408
ETHON: performed EASY effective_url=http://pokeapi.co/api/v2/pokemon/?limit=15&offset=30 response_code=200 return_code=ok total_time=0.08978
ETHON: performed EASY effective_url=http://pokeapi.co/api/v2/pokemon/?limit=15&offset=45 response_code=200 return_code=ok total_time=0.11295
ETHON: performed EASY effective_url=http://pokeapi.co/api/v2/pokemon/?limit=15&offset=60 response_code=200 return_code=ok total_time=0.102972
ETHON: performed EASY effective_url=http://pokeapi.co/api/v2/pokemon/?limit=15&offset=75 response_code=200 return_code=ok total_time=0.10497800000000002
ETHON: performed EASY effective_url=http://pokeapi.co/api/v2/pokemon/?limit=15&offset=90 response_code=200 return_code=ok total_time=0.217398
  Rendering pokemon/index.html.erb within layouts/application
  Rendered pokemon/index.html.erb within layouts/application (3.1ms)
Completed 500 Internal Server Error in 925ms (ActiveRecord: 0.0ms)


  
ActionView::Template::Error (no implicit conversion of String into Integer):
    3: <h3>There are <%= @pokemon_data["count"] %> different Pokemon in the world.</h3>
    4: 
    5: <% @pokemon.each do |current_pokemon| %>
    6:   <p><%= current_pokemon['name'] %></p>
    7: <% end %>
    8: 
    9: <%= @pokemon %>
  
app/views/pokemon/index.html.erb:6:in `[]'
app/views/pokemon/index.html.erb:6:in `block in _app_views_pokemon_index_html_erb__1547739960119975343_70194462003860'
app/views/pokemon/index.html.erb:5:in `each'
app/views/pokemon/index.html.erb:5:in `_app_views_pokemon_index_html_erb__1547739960119975343_70194462003860'
  Rendering /Users/daniel/.rbenv/versions/2.4.1/lib/ruby/gems/2.4.0/gems/actionpack-5.0.4/lib/action_dispatch/middleware/templates/rescues/template_error.html.erb within rescues/layout
  Rendering /Users/daniel/.rbenv/versions/2.4.1/lib/ruby/gems/2.4.0/gems/actionpack-5.0.4/lib/action_dispatch/middleware/templates/rescues/_source.html.erb
  Rendered /Users/daniel/.rbenv/versions/2.4.1/lib/ruby/gems/2.4.0/gems/actionpack-5.0.4/lib/action_dispatch/middleware/templates/rescues/_source.html.erb (5.4ms)
  Rendering /Users/daniel/.rbenv/versions/2.4.1/lib/ruby/gems/2.4.0/gems/actionpack-5.0.4/lib/action_dispatch/middleware/templates/rescues/_trace.html.erb
  Rendered /Users/daniel/.rbenv/versions/2.4.1/lib/ruby/gems/2.4.0/gems/actionpack-5.0.4/lib/action_dispatch/middleware/templates/rescues/_trace.html.erb (1.8ms)
  Rendering /Users/daniel/.rbenv/versions/2.4.1/lib/ruby/gems/2.4.0/gems/actionpack-5.0.4/lib/action_dispatch/middleware/templates/rescues/_request_and_response.html.erb
  Rendered /Users/daniel/.rbenv/versions/2.4.1/lib/ruby/gems/2.4.0/gems/actionpack-5.0.4/lib/action_dispatch/middleware/templates/rescues/_request_and_response.html.erb (0.8ms)
  Rendered /Users/daniel/.rbenv/versions/2.4.1/lib/ruby/gems/2.4.0/gems/actionpack-5.0.4/lib/action_dispatch/middleware/templates/rescues/template_error.html.erb within rescues/layout (71.3ms)
Started GET "/" for 127.0.0.1 at 2017-07-14 11:17:59 -0400
Processing by PokemonController#index as HTML
ETHON: performed EASY effective_url=http://pokeapi.co/api/v2/pokemon/?limit=15&offset=0 response_code=200 return_code=ok total_time=0.196311
ETHON: performed EASY effective_url=http://pokeapi.co/api/v2/pokemon/?limit=15&offset=15 response_code=200 return_code=ok total_time=0.089664
ETHON: performed EASY effective_url=http://pokeapi.co/api/v2/pokemon/?limit=15&offset=30 response_code=200 return_code=ok total_time=0.095609
ETHON: performed EASY effective_url=http://pokeapi.co/api/v2/pokemon/?limit=15&offset=45 response_code=200 return_code=ok total_time=0.16028
ETHON: performed EASY effective_url=http://pokeapi.co/api/v2/pokemon/?limit=15&offset=60 response_code=200 return_code=ok total_time=0.233879
ETHON: performed EASY effective_url=http://pokeapi.co/api/v2/pokemon/?limit=15&offset=75 response_code=200 return_code=ok total_time=0.173403
ETHON: performed EASY effective_url=http://pokeapi.co/api/v2/pokemon/?limit=15&offset=90 response_code=200 return_code=ok total_time=0.09313899999999997
  Rendering pokemon/index.html.erb within layouts/application
  Rendered pokemon/index.html.erb within layouts/application (1.2ms)
Completed 200 OK in 1069ms (Views: 20.1ms | ActiveRecord: 0.0ms)


Started GET "/" for 127.0.0.1 at 2017-07-14 11:30:49 -0400
Processing by PokemonController#index as HTML
ETHON: performed EASY effective_url=http://pokeapi.co/api/v2/pokemon/?limit=15&offset=0 response_code=200 return_code=ok total_time=0.244229
ETHON: performed EASY effective_url=http://pokeapi.co/api/v2/pokemon/?limit=15&offset=15 response_code=200 return_code=ok total_time=0.221351
ETHON: performed EASY effective_url=http://pokeapi.co/api/v2/pokemon/?limit=15&offset=30 response_code=200 return_code=ok total_time=0.10008300000000003
ETHON: performed EASY effective_url=http://pokeapi.co/api/v2/pokemon/?limit=15&offset=45 response_code=200 return_code=ok total_time=0.08803
ETHON: performed EASY effective_url=http://pokeapi.co/api/v2/pokemon/?limit=15&offset=60 response_code=200 return_code=ok total_time=0.129486
ETHON: performed EASY effective_url=http://pokeapi.co/api/v2/pokemon/?limit=15&offset=75 response_code=200 return_code=ok total_time=0.230173
ETHON: performed EASY effective_url=http://pokeapi.co/api/v2/pokemon/?limit=15&offset=90 response_code=200 return_code=ok total_time=0.097037
  Rendering pokemon/index.html.erb within layouts/application
  Rendered pokemon/index.html.erb within layouts/application (0.9ms)
Completed 500 Internal Server Error in 1123ms (ActiveRecord: 0.0ms)


  
SyntaxError (/Users/daniel/dev/projects/bitmaker/api_heaven/app/views/pokemon/index.html.erb:17: syntax error, unexpected keyword_ensure, expecting end-of-input
          ensure
                ^):
  
app/views/pokemon/index.html.erb:17: syntax error, unexpected keyword_ensure, expecting end-of-input
  Rendering /Users/daniel/.rbenv/versions/2.4.1/lib/ruby/gems/2.4.0/gems/actionpack-5.0.4/lib/action_dispatch/middleware/templates/rescues/diagnostics.html.erb within rescues/layout
  Rendering /Users/daniel/.rbenv/versions/2.4.1/lib/ruby/gems/2.4.0/gems/actionpack-5.0.4/lib/action_dispatch/middleware/templates/rescues/_source.html.erb
  Rendered /Users/daniel/.rbenv/versions/2.4.1/lib/ruby/gems/2.4.0/gems/actionpack-5.0.4/lib/action_dispatch/middleware/templates/rescues/_source.html.erb (4.7ms)
  Rendering /Users/daniel/.rbenv/versions/2.4.1/lib/ruby/gems/2.4.0/gems/actionpack-5.0.4/lib/action_dispatch/middleware/templates/rescues/_trace.html.erb
  Rendered /Users/daniel/.rbenv/versions/2.4.1/lib/ruby/gems/2.4.0/gems/actionpack-5.0.4/lib/action_dispatch/middleware/templates/rescues/_trace.html.erb (2.1ms)
  Rendering /Users/daniel/.rbenv/versions/2.4.1/lib/ruby/gems/2.4.0/gems/actionpack-5.0.4/lib/action_dispatch/middleware/templates/rescues/_request_and_response.html.erb
  Rendered /Users/daniel/.rbenv/versions/2.4.1/lib/ruby/gems/2.4.0/gems/actionpack-5.0.4/lib/action_dispatch/middleware/templates/rescues/_request_and_response.html.erb (0.7ms)
  Rendered /Users/daniel/.rbenv/versions/2.4.1/lib/ruby/gems/2.4.0/gems/actionpack-5.0.4/lib/action_dispatch/middleware/templates/rescues/diagnostics.html.erb within rescues/layout (72.9ms)
Started GET "/" for 127.0.0.1 at 2017-07-14 11:31:03 -0400
Processing by PokemonController#index as HTML
ETHON: performed EASY effective_url=http://pokeapi.co/api/v2/pokemon/?limit=15&offset=0 response_code=200 return_code=ok total_time=0.841314
ETHON: performed EASY effective_url=http://pokeapi.co/api/v2/pokemon/?limit=15&offset=15 response_code=200 return_code=ok total_time=0.106029
ETHON: performed EASY effective_url=http://pokeapi.co/api/v2/pokemon/?limit=15&offset=30 response_code=200 return_code=ok total_time=0.090038
ETHON: performed EASY effective_url=http://pokeapi.co/api/v2/pokemon/?limit=15&offset=45 response_code=200 return_code=ok total_time=0.092624
ETHON: performed EASY effective_url=http://pokeapi.co/api/v2/pokemon/?limit=15&offset=60 response_code=200 return_code=ok total_time=0.093886
ETHON: performed EASY effective_url=http://pokeapi.co/api/v2/pokemon/?limit=15&offset=75 response_code=200 return_code=ok total_time=0.135123
ETHON: performed EASY effective_url=http://pokeapi.co/api/v2/pokemon/?limit=15&offset=90 response_code=200 return_code=ok total_time=0.090212
  Rendering pokemon/index.html.erb within layouts/application
  Rendered pokemon/index.html.erb within layouts/application (1.8ms)
Completed 200 OK in 1483ms (Views: 27.6ms | ActiveRecord: 0.0ms)


Started GET "/" for 127.0.0.1 at 2017-07-14 11:36:27 -0400
Processing by PokemonController#index as HTML
ETHON: performed EASY effective_url=http://pokeapi.co/api/v2/pokemon/?limit=15&offset=0 response_code=200 return_code=ok total_time=0.818955
ETHON: performed EASY effective_url=http://pokeapi.co/api/v2/pokemon/?limit=15&offset=15 response_code=200 return_code=ok total_time=0.164638
ETHON: performed EASY effective_url=http://pokeapi.co/api/v2/pokemon/?limit=15&offset=30 response_code=200 return_code=ok total_time=0.297242
ETHON: performed EASY effective_url=http://pokeapi.co/api/v2/pokemon/?limit=15&offset=45 response_code=200 return_code=ok total_time=0.29319
ETHON: performed EASY effective_url=http://pokeapi.co/api/v2/pokemon/?limit=15&offset=60 response_code=200 return_code=ok total_time=0.200412
ETHON: performed EASY effective_url=http://pokeapi.co/api/v2/pokemon/?limit=15&offset=75 response_code=200 return_code=ok total_time=0.317893
ETHON: performed EASY effective_url=http://pokeapi.co/api/v2/pokemon/?limit=15&offset=90 response_code=200 return_code=ok total_time=0.653644
  Rendering pokemon/index.html.erb within layouts/application
  Rendered pokemon/index.html.erb within layouts/application (1.6ms)
Completed 200 OK in 2774ms (Views: 21.2ms | ActiveRecord: 0.0ms)


Started GET "/?utf8=%E2%9C%93&quantity=5&commit=Save+changes" for 127.0.0.1 at 2017-07-14 11:36:44 -0400
Processing by PokemonController#index as HTML
  Parameters: {"utf8"=>"✓", "quantity"=>"5", "commit"=>"Save changes"}
ETHON: performed EASY effective_url=http://pokeapi.co/api/v2/pokemon/?limit=15&offset=0 response_code=200 return_code=ok total_time=0.098028
ETHON: performed EASY effective_url=http://pokeapi.co/api/v2/pokemon/?limit=15&offset=15 response_code=200 return_code=ok total_time=0.094827
ETHON: performed EASY effective_url=http://pokeapi.co/api/v2/pokemon/?limit=15&offset=30 response_code=200 return_code=ok total_time=0.860852
ETHON: performed EASY effective_url=http://pokeapi.co/api/v2/pokemon/?limit=15&offset=45 response_code=200 return_code=ok total_time=0.156783
ETHON: performed EASY effective_url=http://pokeapi.co/api/v2/pokemon/?limit=15&offset=60 response_code=200 return_code=ok total_time=0.091762
ETHON: performed EASY effective_url=http://pokeapi.co/api/v2/pokemon/?limit=15&offset=75 response_code=200 return_code=ok total_time=0.090156
ETHON: performed EASY effective_url=http://pokeapi.co/api/v2/pokemon/?limit=15&offset=90 response_code=200 return_code=ok total_time=0.29117
  Rendering pokemon/index.html.erb within layouts/application
  Rendered pokemon/index.html.erb within layouts/application (1.6ms)
Completed 200 OK in 1707ms (Views: 17.1ms | ActiveRecord: 0.0ms)


Started GET "/?utf8=%E2%9C%93&quantity=5&commit=Save+changes" for 127.0.0.1 at 2017-07-14 11:42:04 -0400
Processing by PokemonController#index as HTML
  Parameters: {"utf8"=>"✓", "quantity"=>"5", "commit"=>"Save changes"}
ETHON: performed EASY effective_url=http://pokeapi.co/api/v2/pokemon/?limit=15&offset=0 response_code=200 return_code=ok total_time=0.24801
  Rendering pokemon/index.html.erb within layouts/application
  Rendered pokemon/index.html.erb within layouts/application (0.9ms)
Completed 200 OK in 266ms (Views: 14.9ms | ActiveRecord: 0.0ms)


Started GET "/" for 127.0.0.1 at 2017-07-14 11:42:18 -0400
Processing by PokemonController#index as HTML
  Rendering pokemon/index.html.erb within layouts/application
  Rendered pokemon/index.html.erb within layouts/application (2.7ms)
Completed 500 Internal Server Error in 8ms (ActiveRecord: 0.0ms)


  
ActionView::Template::Error (undefined method `[]' for nil:NilClass):
    1: <h1>Pokemon info</h1>
    2: 
    3: <h3>There are <%= @pokemon_data["count"] %> different Pokemon in the world.</h3>
    4: 
    5: 
    6: <%= form_tag('/', method: :get) do %>
  
app/views/pokemon/index.html.erb:3:in `_app_views_pokemon_index_html_erb__1547739960119975343_70194503064420'
  Rendering /Users/daniel/.rbenv/versions/2.4.1/lib/ruby/gems/2.4.0/gems/actionpack-5.0.4/lib/action_dispatch/middleware/templates/rescues/template_error.html.erb within rescues/layout
  Rendering /Users/daniel/.rbenv/versions/2.4.1/lib/ruby/gems/2.4.0/gems/actionpack-5.0.4/lib/action_dispatch/middleware/templates/rescues/_source.html.erb
  Rendered /Users/daniel/.rbenv/versions/2.4.1/lib/ruby/gems/2.4.0/gems/actionpack-5.0.4/lib/action_dispatch/middleware/templates/rescues/_source.html.erb (5.1ms)
  Rendering /Users/daniel/.rbenv/versions/2.4.1/lib/ruby/gems/2.4.0/gems/actionpack-5.0.4/lib/action_dispatch/middleware/templates/rescues/_trace.html.erb
  Rendered /Users/daniel/.rbenv/versions/2.4.1/lib/ruby/gems/2.4.0/gems/actionpack-5.0.4/lib/action_dispatch/middleware/templates/rescues/_trace.html.erb (2.1ms)
  Rendering /Users/daniel/.rbenv/versions/2.4.1/lib/ruby/gems/2.4.0/gems/actionpack-5.0.4/lib/action_dispatch/middleware/templates/rescues/_request_and_response.html.erb
  Rendered /Users/daniel/.rbenv/versions/2.4.1/lib/ruby/gems/2.4.0/gems/actionpack-5.0.4/lib/action_dispatch/middleware/templates/rescues/_request_and_response.html.erb (0.8ms)
  Rendered /Users/daniel/.rbenv/versions/2.4.1/lib/ruby/gems/2.4.0/gems/actionpack-5.0.4/lib/action_dispatch/middleware/templates/rescues/template_error.html.erb within rescues/layout (69.6ms)
Started GET "/" for 127.0.0.1 at 2017-07-14 11:43:16 -0400
Processing by PokemonController#index as HTML
  Rendering pokemon/index.html.erb within layouts/application
  Rendered pokemon/index.html.erb within layouts/application (2.7ms)
Completed 500 Internal Server Error in 9ms (ActiveRecord: 0.0ms)


  
ActionView::Template::Error (undefined method `[]' for nil:NilClass):
    1: <h1>Pokemon info</h1>
    2: 
    3: <h3>There are <%= @pokemon_data["count"] %> different Pokemon in the world.</h3>
    4: 
    5: 
    6: <%= form_tag('/', method: :get) do %>
  
app/views/pokemon/index.html.erb:3:in `_app_views_pokemon_index_html_erb__1547739960119975343_70194503662180'
  Rendering /Users/daniel/.rbenv/versions/2.4.1/lib/ruby/gems/2.4.0/gems/actionpack-5.0.4/lib/action_dispatch/middleware/templates/rescues/template_error.html.erb within rescues/layout
  Rendering /Users/daniel/.rbenv/versions/2.4.1/lib/ruby/gems/2.4.0/gems/actionpack-5.0.4/lib/action_dispatch/middleware/templates/rescues/_source.html.erb
  Rendered /Users/daniel/.rbenv/versions/2.4.1/lib/ruby/gems/2.4.0/gems/actionpack-5.0.4/lib/action_dispatch/middleware/templates/rescues/_source.html.erb (4.2ms)
  Rendering /Users/daniel/.rbenv/versions/2.4.1/lib/ruby/gems/2.4.0/gems/actionpack-5.0.4/lib/action_dispatch/middleware/templates/rescues/_trace.html.erb
  Rendered /Users/daniel/.rbenv/versions/2.4.1/lib/ruby/gems/2.4.0/gems/actionpack-5.0.4/lib/action_dispatch/middleware/templates/rescues/_trace.html.erb (1.5ms)
  Rendering /Users/daniel/.rbenv/versions/2.4.1/lib/ruby/gems/2.4.0/gems/actionpack-5.0.4/lib/action_dispatch/middleware/templates/rescues/_request_and_response.html.erb
  Rendered /Users/daniel/.rbenv/versions/2.4.1/lib/ruby/gems/2.4.0/gems/actionpack-5.0.4/lib/action_dispatch/middleware/templates/rescues/_request_and_response.html.erb (0.7ms)
  Rendered /Users/daniel/.rbenv/versions/2.4.1/lib/ruby/gems/2.4.0/gems/actionpack-5.0.4/lib/action_dispatch/middleware/templates/rescues/template_error.html.erb within rescues/layout (67.8ms)
Started GET "/" for 127.0.0.1 at 2017-07-14 11:44:00 -0400
Processing by PokemonController#index as HTML
ETHON: performed EASY effective_url=http://pokeapi.co/api/v2/pokemon/?limit=15&offset=0 response_code=200 return_code=ok total_time=0.915709
ETHON: performed EASY effective_url=http://pokeapi.co/api/v2/pokemon/?limit=15&offset=15 response_code=200 return_code=ok total_time=0.165538
ETHON: performed EASY effective_url=http://pokeapi.co/api/v2/pokemon/?limit=15&offset=30 response_code=200 return_code=ok total_time=0.17810400000000004
ETHON: performed EASY effective_url=http://pokeapi.co/api/v2/pokemon/?limit=15&offset=45 response_code=200 return_code=ok total_time=0.104167
ETHON: performed EASY effective_url=http://pokeapi.co/api/v2/pokemon/?limit=15&offset=60 response_code=200 return_code=ok total_time=0.192107
ETHON: performed EASY effective_url=http://pokeapi.co/api/v2/pokemon/?limit=15&offset=75 response_code=200 return_code=ok total_time=0.283294
ETHON: performed EASY effective_url=http://pokeapi.co/api/v2/pokemon/?limit=15&offset=90 response_code=200 return_code=ok total_time=0.092309
  Rendering pokemon/index.html.erb within layouts/application
  Rendered pokemon/index.html.erb within layouts/application (1.7ms)
Completed 200 OK in 1960ms (Views: 21.8ms | ActiveRecord: 0.0ms)


Started GET "/?utf8=%E2%9C%93&quantity=5&commit=Save+changes" for 127.0.0.1 at 2017-07-14 11:44:12 -0400
Processing by PokemonController#index as HTML
  Parameters: {"utf8"=>"✓", "quantity"=>"5", "commit"=>"Save changes"}
ETHON: performed EASY effective_url=http://pokeapi.co/api/v2/pokemon/?limit=15&offset=0 response_code=200 return_code=ok total_time=0.36869
  Rendering pokemon/index.html.erb within layouts/application
  Rendered pokemon/index.html.erb within layouts/application (0.8ms)
Completed 200 OK in 386ms (Views: 14.9ms | ActiveRecord: 0.0ms)


Started GET "/?utf8=%E2%9C%93&quantity=5&commit=Save+changes" for 127.0.0.1 at 2017-07-14 11:47:32 -0400
Processing by PokemonController#index as HTML
  Parameters: {"utf8"=>"✓", "quantity"=>"5", "commit"=>"Save changes"}
ETHON: performed EASY effective_url=http://pokeapi.co/api/v2/pokemon/?limit=15&offset=0 response_code=200 return_code=ok total_time=0.253884
  Rendering pokemon/index.html.erb within layouts/application
  Rendered pokemon/index.html.erb within layouts/application (0.9ms)
Completed 200 OK in 332ms (Views: 75.0ms | ActiveRecord: 0.0ms)


Started GET "/?utf8=%E2%9C%93&quantity=5&commit=Save+changes" for 127.0.0.1 at 2017-07-14 11:48:46 -0400
Processing by PokemonController#index as HTML
  Parameters: {"utf8"=>"✓", "quantity"=>"5", "commit"=>"Save changes"}
ETHON: performed EASY effective_url=http://pokeapi.co/api/v2/pokemon/?limit=15&offset=0 response_code=200 return_code=ok total_time=0.986192
  Rendering pokemon/index.html.erb within layouts/application
  Rendered pokemon/index.html.erb within layouts/application (0.8ms)
Completed 200 OK in 1052ms (Views: 63.2ms | ActiveRecord: 0.0ms)


Started GET "/?utf8=%E2%9C%93&quantity=5&commit=Save+changes" for 127.0.0.1 at 2017-07-14 11:49:56 -0400
Processing by PokemonController#index as HTML
  Parameters: {"utf8"=>"✓", "quantity"=>"5", "commit"=>"Save changes"}
ETHON: performed EASY effective_url=http://pokeapi.co/api/v2/pokemon/?limit=15&offset=0 response_code=200 return_code=ok total_time=0.204183
  Rendering pokemon/index.html.erb within layouts/application
  Rendered pokemon/index.html.erb within layouts/application (0.9ms)
Completed 200 OK in 273ms (Views: 66.5ms | ActiveRecord: 0.0ms)


Started GET "/?utf8=%E2%9C%93&quantity=5&commit=Save+changes" for 127.0.0.1 at 2017-07-14 11:51:47 -0400
Processing by PokemonController#index as HTML
  Parameters: {"utf8"=>"✓", "quantity"=>"5", "commit"=>"Save changes"}
ETHON: performed EASY effective_url=http://pokeapi.co/api/v2/pokemon/?limit=15&offset=0 response_code=200 return_code=ok total_time=0.172155
  Rendering pokemon/index.html.erb within layouts/application
  Rendered pokemon/index.html.erb within layouts/application (1.0ms)
Completed 200 OK in 239ms (Views: 64.7ms | ActiveRecord: 0.0ms)


Started GET "/?utf8=%E2%9C%93&quantity=5&commit=Save+changes" for 127.0.0.1 at 2017-07-14 11:53:22 -0400
Processing by PokemonController#index as HTML
  Parameters: {"utf8"=>"✓", "quantity"=>"5", "commit"=>"Save changes"}
ETHON: performed EASY effective_url=http://pokeapi.co/api/v2/pokemon/?limit=15&offset=0 response_code=200 return_code=ok total_time=0.17050500000000002
  Rendering pokemon/index.html.erb within layouts/application
  Rendered pokemon/index.html.erb within layouts/application (1.0ms)
Completed 200 OK in 240ms (Views: 66.0ms | ActiveRecord: 0.0ms)


Started GET "/" for 127.0.0.1 at 2017-07-14 11:53:24 -0400
Processing by PokemonController#index as */*
ETHON: performed EASY effective_url=http://pokeapi.co/api/v2/pokemon/?limit=15&offset=0 response_code=200 return_code=ok total_time=4.723957
ETHON: performed EASY effective_url=http://pokeapi.co/api/v2/pokemon/?limit=15&offset=15 response_code=200 return_code=ok total_time=1.350708
ETHON: performed EASY effective_url=http://pokeapi.co/api/v2/pokemon/?limit=15&offset=30 response_code=200 return_code=ok total_time=1.254277
Started GET "/?utf8=%E2%9C%93&quantity=5&commit=Save+changes" for 127.0.0.1 at 2017-07-14 11:53:32 -0400
Processing by PokemonController#index as HTML
  Parameters: {"utf8"=>"✓", "quantity"=>"5", "commit"=>"Save changes"}
ETHON: performed EASY effective_url=http://pokeapi.co/api/v2/pokemon/?limit=15&offset=45 response_code=200 return_code=ok total_time=0.797216
ETHON: performed EASY effective_url=http://pokeapi.co/api/v2/pokemon/?limit=15&offset=0 response_code=200 return_code=ok total_time=0.6968449999999999
  Rendering pokemon/index.html.erb within layouts/application
  Rendered pokemon/index.html.erb within layouts/application (1.0ms)
Completed 200 OK in 718ms (Views: 18.2ms | ActiveRecord: 0.0ms)


ETHON: performed EASY effective_url=http://pokeapi.co/api/v2/pokemon/?limit=15&offset=60 response_code=200 return_code=ok total_time=0.145412
ETHON: performed EASY effective_url=http://pokeapi.co/api/v2/pokemon/?limit=15&offset=75 response_code=200 return_code=ok total_time=0.094755
ETHON: performed EASY effective_url=http://pokeapi.co/api/v2/pokemon/?limit=15&offset=90 response_code=200 return_code=ok total_time=0.092524
  Rendering pokemon/index.html.erb within layouts/application
  Rendered pokemon/index.html.erb within layouts/application (1.7ms)
Completed 200 OK in 8516ms (Views: 35.7ms | ActiveRecord: 0.0ms)


Started GET "/" for 127.0.0.1 at 2017-07-14 11:53:38 -0400
Processing by PokemonController#index as */*
ETHON: performed EASY effective_url=http://pokeapi.co/api/v2/pokemon/?limit=15&offset=0 response_code=200 return_code=ok total_time=0.153519
ETHON: performed EASY effective_url=http://pokeapi.co/api/v2/pokemon/?limit=15&offset=15 response_code=200 return_code=ok total_time=0.08928
ETHON: performed EASY effective_url=http://pokeapi.co/api/v2/pokemon/?limit=15&offset=30 response_code=200 return_code=ok total_time=0.09004
ETHON: performed EASY effective_url=http://pokeapi.co/api/v2/pokemon/?limit=15&offset=45 response_code=200 return_code=ok total_time=0.089662
ETHON: performed EASY effective_url=http://pokeapi.co/api/v2/pokemon/?limit=15&offset=60 response_code=200 return_code=ok total_time=0.13564500000000002
ETHON: performed EASY effective_url=http://pokeapi.co/api/v2/pokemon/?limit=15&offset=75 response_code=200 return_code=ok total_time=0.090882
ETHON: performed EASY effective_url=http://pokeapi.co/api/v2/pokemon/?limit=15&offset=90 response_code=200 return_code=ok total_time=0.095235
  Rendering pokemon/index.html.erb within layouts/application
  Rendered pokemon/index.html.erb within layouts/application (1.7ms)
Completed 200 OK in 791ms (Views: 27.9ms | ActiveRecord: 0.0ms)


Started GET "/?utf8=%E2%9C%93&quantity=5&commit=Save+changes" for 127.0.0.1 at 2017-07-14 11:54:55 -0400
Processing by PokemonController#index as HTML
  Parameters: {"utf8"=>"✓", "quantity"=>"5", "commit"=>"Save changes"}
ETHON: performed EASY effective_url=http://pokeapi.co/api/v2/pokemon/?limit=15&offset=0 response_code=200 return_code=ok total_time=0.172601
  Rendering pokemon/index.html.erb within layouts/application
  Rendered pokemon/index.html.erb within layouts/application (1.0ms)
Completed 200 OK in 239ms (Views: 63.4ms | ActiveRecord: 0.0ms)


Started GET "/" for 127.0.0.1 at 2017-07-14 11:54:57 -0400
Processing by PokemonController#index as */*
ETHON: performed EASY effective_url=http://pokeapi.co/api/v2/pokemon/?limit=15&offset=0 response_code=200 return_code=ok total_time=0.152079
ETHON: performed EASY effective_url=http://pokeapi.co/api/v2/pokemon/?limit=15&offset=15 response_code=200 return_code=ok total_time=0.088511
ETHON: performed EASY effective_url=http://pokeapi.co/api/v2/pokemon/?limit=15&offset=30 response_code=200 return_code=ok total_time=0.093036
ETHON: performed EASY effective_url=http://pokeapi.co/api/v2/pokemon/?limit=15&offset=45 response_code=200 return_code=ok total_time=0.112352
ETHON: performed EASY effective_url=http://pokeapi.co/api/v2/pokemon/?limit=15&offset=60 response_code=200 return_code=ok total_time=0.087294
Started GET "/" for 127.0.0.1 at 2017-07-14 11:54:57 -0400
Processing by PokemonController#index as */*
ETHON: performed EASY effective_url=http://pokeapi.co/api/v2/pokemon/?limit=15&offset=75 response_code=200 return_code=ok total_time=0.087615
ETHON: performed EASY effective_url=http://pokeapi.co/api/v2/pokemon/?limit=15&offset=90 response_code=200 return_code=ok total_time=0.13735600000000003
  Rendering pokemon/index.html.erb within layouts/application
  Rendered pokemon/index.html.erb within layouts/application (1.9ms)
ETHON: performed EASY effective_url=http://pokeapi.co/api/v2/pokemon/?limit=15&offset=0 response_code=200 return_code=ok total_time=0.18944000000000005
Completed 200 OK in 810ms (Views: 31.1ms | ActiveRecord: 0.0ms)


ETHON: performed EASY effective_url=http://pokeapi.co/api/v2/pokemon/?limit=15&offset=15 response_code=200 return_code=ok total_time=0.089169
ETHON: performed EASY effective_url=http://pokeapi.co/api/v2/pokemon/?limit=15&offset=30 response_code=200 return_code=ok total_time=0.157257
Started GET "/" for 127.0.0.1 at 2017-07-14 11:54:58 -0400
Processing by PokemonController#index as */*
ETHON: performed EASY effective_url=http://pokeapi.co/api/v2/pokemon/?limit=15&offset=45 response_code=200 return_code=ok total_time=0.093551
ETHON: performed EASY effective_url=http://pokeapi.co/api/v2/pokemon/?limit=15&offset=0 response_code=200 return_code=ok total_time=0.089281
ETHON: performed EASY effective_url=http://pokeapi.co/api/v2/pokemon/?limit=15&offset=60 response_code=200 return_code=ok total_time=0.104573
ETHON: performed EASY effective_url=http://pokeapi.co/api/v2/pokemon/?limit=15&offset=15 response_code=200 return_code=ok total_time=0.106697
ETHON: performed EASY effective_url=http://pokeapi.co/api/v2/pokemon/?limit=15&offset=75 response_code=200 return_code=ok total_time=0.097334
ETHON: performed EASY effective_url=http://pokeapi.co/api/v2/pokemon/?limit=15&offset=30 response_code=200 return_code=ok total_time=0.10143
ETHON: performed EASY effective_url=http://pokeapi.co/api/v2/pokemon/?limit=15&offset=90 response_code=200 return_code=ok total_time=0.090078
  Rendering pokemon/index.html.erb within layouts/application
  Rendered pokemon/index.html.erb within layouts/application (1.8ms)
Completed 200 OK in 871ms (Views: 29.5ms | ActiveRecord: 0.0ms)


ETHON: performed EASY effective_url=http://pokeapi.co/api/v2/pokemon/?limit=15&offset=45 response_code=200 return_code=ok total_time=0.095212
Started GET "/" for 127.0.0.1 at 2017-07-14 11:54:58 -0400
Processing by PokemonController#index as */*
ETHON: performed EASY effective_url=http://pokeapi.co/api/v2/pokemon/?limit=15&offset=60 response_code=200 return_code=ok total_time=0.199543
ETHON: performed EASY effective_url=http://pokeapi.co/api/v2/pokemon/?limit=15&offset=0 response_code=200 return_code=ok total_time=0.12868800000000002
ETHON: performed EASY effective_url=http://pokeapi.co/api/v2/pokemon/?limit=15&offset=75 response_code=200 return_code=ok total_time=0.09436500000000003
ETHON: performed EASY effective_url=http://pokeapi.co/api/v2/pokemon/?limit=15&offset=15 response_code=200 return_code=ok total_time=0.087713
ETHON: performed EASY effective_url=http://pokeapi.co/api/v2/pokemon/?limit=15&offset=90 response_code=200 return_code=ok total_time=0.08953
  Rendering pokemon/index.html.erb within layouts/application
  Rendered pokemon/index.html.erb within layouts/application (1.8ms)
ETHON: performed EASY effective_url=http://pokeapi.co/api/v2/pokemon/?limit=15&offset=30 response_code=200 return_code=ok total_time=0.103106
Completed 200 OK in 825ms (Views: 30.2ms | ActiveRecord: 0.0ms)


ETHON: performed EASY effective_url=http://pokeapi.co/api/v2/pokemon/?limit=15&offset=45 response_code=200 return_code=ok total_time=0.091787
ETHON: performed EASY effective_url=http://pokeapi.co/api/v2/pokemon/?limit=15&offset=60 response_code=200 return_code=ok total_time=0.086073
ETHON: performed EASY effective_url=http://pokeapi.co/api/v2/pokemon/?limit=15&offset=75 response_code=200 return_code=ok total_time=0.092536
ETHON: performed EASY effective_url=http://pokeapi.co/api/v2/pokemon/?limit=15&offset=90 response_code=200 return_code=ok total_time=0.104111
  Rendering pokemon/index.html.erb within layouts/application
  Rendered pokemon/index.html.erb within layouts/application (1.2ms)
Completed 200 OK in 740ms (Views: 26.9ms | ActiveRecord: 0.0ms)


Started GET "/?utf8=%E2%9C%93&quantity=5&commit=Save+changes" for 127.0.0.1 at 2017-07-14 11:55:59 -0400
Processing by PokemonController#index as HTML
  Parameters: {"utf8"=>"✓", "quantity"=>"5", "commit"=>"Save changes"}
ETHON: performed EASY effective_url=http://pokeapi.co/api/v2/pokemon/?limit=15&offset=0 response_code=200 return_code=ok total_time=0.170008
  Rendering pokemon/index.html.erb within layouts/application
  Rendered pokemon/index.html.erb within layouts/application (1.1ms)
Completed 200 OK in 240ms (Views: 66.6ms | ActiveRecord: 0.0ms)


Started GET "/" for 127.0.0.1 at 2017-07-14 11:56:03 -0400
Processing by PokemonController#index as */*
ETHON: performed EASY effective_url=http://pokeapi.co/api/v2/pokemon/?limit=15&offset=0 response_code=200 return_code=ok total_time=0.091311
ETHON: performed EASY effective_url=http://pokeapi.co/api/v2/pokemon/?limit=15&offset=15 response_code=200 return_code=ok total_time=0.093956
ETHON: performed EASY effective_url=http://pokeapi.co/api/v2/pokemon/?limit=15&offset=30 response_code=200 return_code=ok total_time=0.107664
ETHON: performed EASY effective_url=http://pokeapi.co/api/v2/pokemon/?limit=15&offset=45 response_code=200 return_code=ok total_time=0.094675
ETHON: performed EASY effective_url=http://pokeapi.co/api/v2/pokemon/?limit=15&offset=60 response_code=200 return_code=ok total_time=0.090694
ETHON: performed EASY effective_url=http://pokeapi.co/api/v2/pokemon/?limit=15&offset=75 response_code=200 return_code=ok total_time=0.16421
ETHON: performed EASY effective_url=http://pokeapi.co/api/v2/pokemon/?limit=15&offset=90 response_code=200 return_code=ok total_time=0.094138
  Rendering pokemon/index.html.erb within layouts/application
  Rendered pokemon/index.html.erb within layouts/application (1.4ms)
Completed 200 OK in 781ms (Views: 24.9ms | ActiveRecord: 0.0ms)


Started GET "/?utf8=%E2%9C%93&quantity=5&commit=Save+changes" for 127.0.0.1 at 2017-07-14 11:56:38 -0400
Processing by PokemonController#index as HTML
  Parameters: {"utf8"=>"✓", "quantity"=>"5", "commit"=>"Save changes"}
ETHON: performed EASY effective_url=http://pokeapi.co/api/v2/pokemon/?limit=15&offset=0 response_code=200 return_code=ok total_time=0.157238
  Rendering pokemon/index.html.erb within layouts/application
  Rendered pokemon/index.html.erb within layouts/application (1.0ms)
Completed 200 OK in 222ms (Views: 61.0ms | ActiveRecord: 0.0ms)


Started GET "/" for 127.0.0.1 at 2017-07-14 11:56:40 -0400
Processing by PokemonController#index as JSON
ETHON: performed EASY effective_url=http://pokeapi.co/api/v2/pokemon/?limit=15&offset=0 response_code=200 return_code=ok total_time=0.088777
ETHON: performed EASY effective_url=http://pokeapi.co/api/v2/pokemon/?limit=15&offset=15 response_code=200 return_code=ok total_time=0.09780100000000003
ETHON: performed EASY effective_url=http://pokeapi.co/api/v2/pokemon/?limit=15&offset=30 response_code=200 return_code=ok total_time=0.086722
ETHON: performed EASY effective_url=http://pokeapi.co/api/v2/pokemon/?limit=15&offset=45 response_code=200 return_code=ok total_time=0.092005
ETHON: performed EASY effective_url=http://pokeapi.co/api/v2/pokemon/?limit=15&offset=60 response_code=200 return_code=ok total_time=0.08519
ETHON: performed EASY effective_url=http://pokeapi.co/api/v2/pokemon/?limit=15&offset=75 response_code=200 return_code=ok total_time=0.087612
ETHON: performed EASY effective_url=http://pokeapi.co/api/v2/pokemon/?limit=15&offset=90 response_code=200 return_code=ok total_time=0.088714
  Rendering pokemon/index.html.erb within layouts/application
  Rendered pokemon/index.html.erb within layouts/application (1.6ms)
Completed 200 OK in 670ms (Views: 25.7ms | ActiveRecord: 0.0ms)


Started GET "/" for 127.0.0.1 at 2017-07-14 11:56:54 -0400
Processing by PokemonController#index as JSON
ETHON: performed EASY effective_url=http://pokeapi.co/api/v2/pokemon/?limit=15&offset=0 response_code=200 return_code=ok total_time=0.17578000000000005
ETHON: performed EASY effective_url=http://pokeapi.co/api/v2/pokemon/?limit=15&offset=15 response_code=200 return_code=ok total_time=0.100988
ETHON: performed EASY effective_url=http://pokeapi.co/api/v2/pokemon/?limit=15&offset=30 response_code=200 return_code=ok total_time=0.097006
ETHON: performed EASY effective_url=http://pokeapi.co/api/v2/pokemon/?limit=15&offset=45 response_code=200 return_code=ok total_time=0.090372
ETHON: performed EASY effective_url=http://pokeapi.co/api/v2/pokemon/?limit=15&offset=60 response_code=200 return_code=ok total_time=0.088706
ETHON: performed EASY effective_url=http://pokeapi.co/api/v2/pokemon/?limit=15&offset=75 response_code=200 return_code=ok total_time=0.101615
ETHON: performed EASY effective_url=http://pokeapi.co/api/v2/pokemon/?limit=15&offset=90 response_code=200 return_code=ok total_time=0.087758
  Rendering pokemon/index.html.erb within layouts/application
  Rendered pokemon/index.html.erb within layouts/application (1.5ms)
Completed 200 OK in 787ms (Views: 26.5ms | ActiveRecord: 0.0ms)


Started GET "/" for 127.0.0.1 at 2017-07-14 12:00:09 -0400
Processing by PokemonController#index as HTML
ETHON: performed EASY effective_url=http://pokeapi.co/api/v2/pokemon/?limit=15&offset=0 response_code=200 return_code=ok total_time=0.171315
ETHON: performed EASY effective_url=http://pokeapi.co/api/v2/pokemon/?limit=15&offset=15 response_code=200 return_code=ok total_time=0.542544
ETHON: performed EASY effective_url=http://pokeapi.co/api/v2/pokemon/?limit=15&offset=30 response_code=200 return_code=ok total_time=0.283584
ETHON: performed EASY effective_url=http://pokeapi.co/api/v2/pokemon/?limit=15&offset=45 response_code=200 return_code=ok total_time=0.096802
ETHON: performed EASY effective_url=http://pokeapi.co/api/v2/pokemon/?limit=15&offset=60 response_code=200 return_code=ok total_time=0.176628
ETHON: performed EASY effective_url=http://pokeapi.co/api/v2/pokemon/?limit=15&offset=75 response_code=200 return_code=ok total_time=0.094412
ETHON: performed EASY effective_url=http://pokeapi.co/api/v2/pokemon/?limit=15&offset=90 response_code=200 return_code=ok total_time=0.087672
  Rendering pokemon/index.html.erb within layouts/application
  Rendered pokemon/index.html.erb within layouts/application (1.6ms)
Completed 200 OK in 1477ms (Views: 18.2ms | ActiveRecord: 0.0ms)


Started GET "/.json" for 127.0.0.1 at 2017-07-14 12:00:17 -0400
  
ActionController::RoutingError (No route matches [GET] "/.json"):
  
actionpack (5.0.4) lib/action_dispatch/middleware/debug_exceptions.rb:53:in `call'
web-console (3.5.1) lib/web_console/middleware.rb:135:in `call_app'
web-console (3.5.1) lib/web_console/middleware.rb:28:in `block in call'
web-console (3.5.1) lib/web_console/middleware.rb:18:in `catch'
web-console (3.5.1) lib/web_console/middleware.rb:18:in `call'
actionpack (5.0.4) lib/action_dispatch/middleware/show_exceptions.rb:31:in `call'
railties (5.0.4) lib/rails/rack/logger.rb:36:in `call_app'
railties (5.0.4) lib/rails/rack/logger.rb:24:in `block in call'
activesupport (5.0.4) lib/active_support/tagged_logging.rb:69:in `block in tagged'
activesupport (5.0.4) lib/active_support/tagged_logging.rb:26:in `tagged'
activesupport (5.0.4) lib/active_support/tagged_logging.rb:69:in `tagged'
railties (5.0.4) lib/rails/rack/logger.rb:24:in `call'
sprockets-rails (3.2.0) lib/sprockets/rails/quiet_assets.rb:13:in `call'
actionpack (5.0.4) lib/action_dispatch/middleware/request_id.rb:24:in `call'
rack (2.0.3) lib/rack/method_override.rb:22:in `call'
rack (2.0.3) lib/rack/runtime.rb:22:in `call'
activesupport (5.0.4) lib/active_support/cache/strategy/local_cache_middleware.rb:28:in `call'
actionpack (5.0.4) lib/action_dispatch/middleware/executor.rb:12:in `call'
actionpack (5.0.4) lib/action_dispatch/middleware/static.rb:136:in `call'
rack (2.0.3) lib/rack/sendfile.rb:111:in `call'
railties (5.0.4) lib/rails/engine.rb:522:in `call'
puma (3.9.1) lib/puma/configuration.rb:224:in `call'
puma (3.9.1) lib/puma/server.rb:602:in `handle_request'
puma (3.9.1) lib/puma/server.rb:435:in `process_client'
puma (3.9.1) lib/puma/server.rb:299:in `block in run'
puma (3.9.1) lib/puma/thread_pool.rb:120:in `block in spawn_thread'
  Rendering /Users/daniel/.rbenv/versions/2.4.1/lib/ruby/gems/2.4.0/gems/actionpack-5.0.4/lib/action_dispatch/middleware/templates/rescues/routing_error.html.erb within rescues/layout
  Rendering /Users/daniel/.rbenv/versions/2.4.1/lib/ruby/gems/2.4.0/gems/actionpack-5.0.4/lib/action_dispatch/middleware/templates/rescues/_trace.html.erb
  Rendered /Users/daniel/.rbenv/versions/2.4.1/lib/ruby/gems/2.4.0/gems/actionpack-5.0.4/lib/action_dispatch/middleware/templates/rescues/_trace.html.erb (1.1ms)
  Rendered collection of /Users/daniel/.rbenv/versions/2.4.1/lib/ruby/gems/2.4.0/gems/actionpack-5.0.4/lib/action_dispatch/middleware/templates/routes/_route.html.erb [1 times] (7.5ms)
  Rendered /Users/daniel/.rbenv/versions/2.4.1/lib/ruby/gems/2.4.0/gems/actionpack-5.0.4/lib/action_dispatch/middleware/templates/routes/_table.html.erb (6.9ms)
  Rendering /Users/daniel/.rbenv/versions/2.4.1/lib/ruby/gems/2.4.0/gems/actionpack-5.0.4/lib/action_dispatch/middleware/templates/rescues/_request_and_response.html.erb
  Rendered /Users/daniel/.rbenv/versions/2.4.1/lib/ruby/gems/2.4.0/gems/actionpack-5.0.4/lib/action_dispatch/middleware/templates/rescues/_request_and_response.html.erb (1.2ms)
  Rendered /Users/daniel/.rbenv/versions/2.4.1/lib/ruby/gems/2.4.0/gems/actionpack-5.0.4/lib/action_dispatch/middleware/templates/rescues/routing_error.html.erb within rescues/layout (100.6ms)
Started GET "/.json" for 127.0.0.1 at 2017-07-14 12:00:25 -0400
  
ActionController::RoutingError (No route matches [GET] "/.json"):
  
actionpack (5.0.4) lib/action_dispatch/middleware/debug_exceptions.rb:53:in `call'
web-console (3.5.1) lib/web_console/middleware.rb:135:in `call_app'
web-console (3.5.1) lib/web_console/middleware.rb:28:in `block in call'
web-console (3.5.1) lib/web_console/middleware.rb:18:in `catch'
web-console (3.5.1) lib/web_console/middleware.rb:18:in `call'
actionpack (5.0.4) lib/action_dispatch/middleware/show_exceptions.rb:31:in `call'
railties (5.0.4) lib/rails/rack/logger.rb:36:in `call_app'
railties (5.0.4) lib/rails/rack/logger.rb:24:in `block in call'
activesupport (5.0.4) lib/active_support/tagged_logging.rb:69:in `block in tagged'
activesupport (5.0.4) lib/active_support/tagged_logging.rb:26:in `tagged'
activesupport (5.0.4) lib/active_support/tagged_logging.rb:69:in `tagged'
railties (5.0.4) lib/rails/rack/logger.rb:24:in `call'
sprockets-rails (3.2.0) lib/sprockets/rails/quiet_assets.rb:13:in `call'
actionpack (5.0.4) lib/action_dispatch/middleware/request_id.rb:24:in `call'
rack (2.0.3) lib/rack/method_override.rb:22:in `call'
rack (2.0.3) lib/rack/runtime.rb:22:in `call'
activesupport (5.0.4) lib/active_support/cache/strategy/local_cache_middleware.rb:28:in `call'
actionpack (5.0.4) lib/action_dispatch/middleware/executor.rb:12:in `call'
actionpack (5.0.4) lib/action_dispatch/middleware/static.rb:136:in `call'
rack (2.0.3) lib/rack/sendfile.rb:111:in `call'
railties (5.0.4) lib/rails/engine.rb:522:in `call'
puma (3.9.1) lib/puma/configuration.rb:224:in `call'
puma (3.9.1) lib/puma/server.rb:602:in `handle_request'
puma (3.9.1) lib/puma/server.rb:435:in `process_client'
puma (3.9.1) lib/puma/server.rb:299:in `block in run'
puma (3.9.1) lib/puma/thread_pool.rb:120:in `block in spawn_thread'
  Rendering /Users/daniel/.rbenv/versions/2.4.1/lib/ruby/gems/2.4.0/gems/actionpack-5.0.4/lib/action_dispatch/middleware/templates/rescues/routing_error.html.erb within rescues/layout
  Rendering /Users/daniel/.rbenv/versions/2.4.1/lib/ruby/gems/2.4.0/gems/actionpack-5.0.4/lib/action_dispatch/middleware/templates/rescues/_trace.html.erb
  Rendered /Users/daniel/.rbenv/versions/2.4.1/lib/ruby/gems/2.4.0/gems/actionpack-5.0.4/lib/action_dispatch/middleware/templates/rescues/_trace.html.erb (1.1ms)
  Rendered collection of /Users/daniel/.rbenv/versions/2.4.1/lib/ruby/gems/2.4.0/gems/actionpack-5.0.4/lib/action_dispatch/middleware/templates/routes/_route.html.erb [1 times] (0.9ms)
  Rendered /Users/daniel/.rbenv/versions/2.4.1/lib/ruby/gems/2.4.0/gems/actionpack-5.0.4/lib/action_dispatch/middleware/templates/routes/_table.html.erb (1.0ms)
  Rendering /Users/daniel/.rbenv/versions/2.4.1/lib/ruby/gems/2.4.0/gems/actionpack-5.0.4/lib/action_dispatch/middleware/templates/rescues/_request_and_response.html.erb
  Rendered /Users/daniel/.rbenv/versions/2.4.1/lib/ruby/gems/2.4.0/gems/actionpack-5.0.4/lib/action_dispatch/middleware/templates/rescues/_request_and_response.html.erb (0.9ms)
  Rendered /Users/daniel/.rbenv/versions/2.4.1/lib/ruby/gems/2.4.0/gems/actionpack-5.0.4/lib/action_dispatch/middleware/templates/rescues/routing_error.html.erb within rescues/layout (81.5ms)
Started GET "/" for 127.0.0.1 at 2017-07-14 12:00:30 -0400
Processing by PokemonController#index as HTML
ETHON: performed EASY effective_url=http://pokeapi.co/api/v2/pokemon/?limit=15&offset=0 response_code=200 return_code=ok total_time=0.428603
ETHON: performed EASY effective_url=http://pokeapi.co/api/v2/pokemon/?limit=15&offset=15 response_code=200 return_code=ok total_time=0.162025
ETHON: performed EASY effective_url=http://pokeapi.co/api/v2/pokemon/?limit=15&offset=30 response_code=200 return_code=ok total_time=0.27786900000000003
ETHON: performed EASY effective_url=http://pokeapi.co/api/v2/pokemon/?limit=15&offset=45 response_code=200 return_code=ok total_time=0.251169
ETHON: performed EASY effective_url=http://pokeapi.co/api/v2/pokemon/?limit=15&offset=60 response_code=200 return_code=ok total_time=0.088774
ETHON: performed EASY effective_url=http://pokeapi.co/api/v2/pokemon/?limit=15&offset=75 response_code=200 return_code=ok total_time=0.144565
ETHON: performed EASY effective_url=http://pokeapi.co/api/v2/pokemon/?limit=15&offset=90 response_code=200 return_code=ok total_time=0.163035
  Rendering pokemon/index.html.erb within layouts/application
  Rendered pokemon/index.html.erb within layouts/application (1.8ms)
Completed 200 OK in 1540ms (Views: 18.5ms | ActiveRecord: 0.0ms)


Started GET "/" for 127.0.0.1 at 2017-07-14 12:00:36 -0400
Processing by PokemonController#index as JSON
ETHON: performed EASY effective_url=http://pokeapi.co/api/v2/pokemon/?limit=15&offset=0 response_code=200 return_code=ok total_time=0.272153
ETHON: performed EASY effective_url=http://pokeapi.co/api/v2/pokemon/?limit=15&offset=15 response_code=200 return_code=ok total_time=0.10579
ETHON: performed EASY effective_url=http://pokeapi.co/api/v2/pokemon/?limit=15&offset=30 response_code=200 return_code=ok total_time=0.101569
ETHON: performed EASY effective_url=http://pokeapi.co/api/v2/pokemon/?limit=15&offset=45 response_code=200 return_code=ok total_time=0.162503
ETHON: performed EASY effective_url=http://pokeapi.co/api/v2/pokemon/?limit=15&offset=60 response_code=200 return_code=ok total_time=0.101219
ETHON: performed EASY effective_url=http://pokeapi.co/api/v2/pokemon/?limit=15&offset=75 response_code=200 return_code=ok total_time=0.219919
ETHON: performed EASY effective_url=http://pokeapi.co/api/v2/pokemon/?limit=15&offset=90 response_code=200 return_code=ok total_time=0.093457
  Rendering pokemon/index.html.erb within layouts/application
  Rendered pokemon/index.html.erb within layouts/application (1.4ms)
Completed 200 OK in 1099ms (Views: 24.6ms | ActiveRecord: 0.0ms)


Started GET "/" for 127.0.0.1 at 2017-07-14 12:01:54 -0400
Processing by PokemonController#index as HTML
ETHON: performed EASY effective_url=http://pokeapi.co/api/v2/pokemon/?limit=15&offset=0 response_code=200 return_code=ok total_time=0.2463
ETHON: performed EASY effective_url=http://pokeapi.co/api/v2/pokemon/?limit=15&offset=15 response_code=200 return_code=ok total_time=0.320582
ETHON: performed EASY effective_url=http://pokeapi.co/api/v2/pokemon/?limit=15&offset=30 response_code=200 return_code=ok total_time=0.171386
ETHON: performed EASY effective_url=http://pokeapi.co/api/v2/pokemon/?limit=15&offset=45 response_code=200 return_code=ok total_time=0.10365999999999997
ETHON: performed EASY effective_url=http://pokeapi.co/api/v2/pokemon/?limit=15&offset=60 response_code=200 return_code=ok total_time=0.214472
ETHON: performed EASY effective_url=http://pokeapi.co/api/v2/pokemon/?limit=15&offset=75 response_code=200 return_code=ok total_time=0.121316
ETHON: performed EASY effective_url=http://pokeapi.co/api/v2/pokemon/?limit=15&offset=90 response_code=200 return_code=ok total_time=0.102742
  Rendering pokemon/index.html.erb within layouts/application
  Rendered pokemon/index.html.erb within layouts/application (1.3ms)
Completed 200 OK in 1300ms (Views: 15.2ms | ActiveRecord: 0.0ms)


Started GET "/" for 127.0.0.1 at 2017-07-14 12:01:58 -0400
Processing by PokemonController#index as JSON
ETHON: performed EASY effective_url=http://pokeapi.co/api/v2/pokemon/?limit=15&offset=0 response_code=200 return_code=ok total_time=0.115886
ETHON: performed EASY effective_url=http://pokeapi.co/api/v2/pokemon/?limit=15&offset=15 response_code=200 return_code=ok total_time=0.230762
ETHON: performed EASY effective_url=http://pokeapi.co/api/v2/pokemon/?limit=15&offset=30 response_code=200 return_code=ok total_time=0.133545
ETHON: performed EASY effective_url=http://pokeapi.co/api/v2/pokemon/?limit=15&offset=45 response_code=200 return_code=ok total_time=0.211526
ETHON: performed EASY effective_url=http://pokeapi.co/api/v2/pokemon/?limit=15&offset=60 response_code=200 return_code=ok total_time=0.128479
ETHON: performed EASY effective_url=http://pokeapi.co/api/v2/pokemon/?limit=15&offset=75 response_code=200 return_code=ok total_time=0.24007999999999996
ETHON: performed EASY effective_url=http://pokeapi.co/api/v2/pokemon/?limit=15&offset=90 response_code=200 return_code=ok total_time=1.944712
  Rendering text template
  Rendered text template (0.0ms)
Completed 200 OK in 3012ms (Views: 2.2ms | ActiveRecord: 0.0ms)


Started GET "/" for 127.0.0.1 at 2017-07-14 12:03:29 -0400
Processing by PokemonController#index as JSON
ETHON: performed EASY effective_url=http://pokeapi.co/api/v2/pokemon/?limit=15&offset=0 response_code=200 return_code=ok total_time=0.228711
ETHON: performed EASY effective_url=http://pokeapi.co/api/v2/pokemon/?limit=15&offset=15 response_code=200 return_code=ok total_time=0.153099
ETHON: performed EASY effective_url=http://pokeapi.co/api/v2/pokemon/?limit=15&offset=30 response_code=200 return_code=ok total_time=0.12358
ETHON: performed EASY effective_url=http://pokeapi.co/api/v2/pokemon/?limit=15&offset=45 response_code=200 return_code=ok total_time=0.099367
ETHON: performed EASY effective_url=http://pokeapi.co/api/v2/pokemon/?limit=15&offset=60 response_code=200 return_code=ok total_time=0.23746199999999995
ETHON: performed EASY effective_url=http://pokeapi.co/api/v2/pokemon/?limit=15&offset=75 response_code=200 return_code=ok total_time=0.111912
ETHON: performed EASY effective_url=http://pokeapi.co/api/v2/pokemon/?limit=15&offset=90 response_code=200 return_code=ok total_time=0.096249
Completed 200 OK in 1059ms (Views: 3.0ms | ActiveRecord: 0.0ms)


Started GET "/" for 127.0.0.1 at 2017-07-14 12:05:35 -0400
Processing by PokemonController#index as HTML
ETHON: performed EASY effective_url=http://pokeapi.co/api/v2/pokemon/?limit=15&offset=0 response_code=200 return_code=ok total_time=0.182323
ETHON: performed EASY effective_url=http://pokeapi.co/api/v2/pokemon/?limit=15&offset=15 response_code=200 return_code=ok total_time=0.172888
ETHON: performed EASY effective_url=http://pokeapi.co/api/v2/pokemon/?limit=15&offset=30 response_code=200 return_code=ok total_time=0.090379
ETHON: performed EASY effective_url=http://pokeapi.co/api/v2/pokemon/?limit=15&offset=45 response_code=200 return_code=ok total_time=0.096115
ETHON: performed EASY effective_url=http://pokeapi.co/api/v2/pokemon/?limit=15&offset=60 response_code=200 return_code=ok total_time=0.0958
ETHON: performed EASY effective_url=http://pokeapi.co/api/v2/pokemon/?limit=15&offset=75 response_code=200 return_code=ok total_time=0.092835
ETHON: performed EASY effective_url=http://pokeapi.co/api/v2/pokemon/?limit=15&offset=90 response_code=200 return_code=ok total_time=0.092354
  Rendering pokemon/index.html.erb within layouts/application
  Rendered pokemon/index.html.erb within layouts/application (1.4ms)
Completed 200 OK in 885ms (Views: 57.8ms | ActiveRecord: 0.0ms)


Started GET "/" for 127.0.0.1 at 2017-07-14 12:05:39 -0400
Processing by PokemonController#index as JSON
ETHON: performed EASY effective_url=http://pokeapi.co/api/v2/pokemon/?limit=15&offset=0 response_code=200 return_code=ok total_time=0.153026
ETHON: performed EASY effective_url=http://pokeapi.co/api/v2/pokemon/?limit=15&offset=15 response_code=200 return_code=ok total_time=0.093785
ETHON: performed EASY effective_url=http://pokeapi.co/api/v2/pokemon/?limit=15&offset=30 response_code=200 return_code=ok total_time=0.09112
ETHON: performed EASY effective_url=http://pokeapi.co/api/v2/pokemon/?limit=15&offset=45 response_code=200 return_code=ok total_time=0.085731
ETHON: performed EASY effective_url=http://pokeapi.co/api/v2/pokemon/?limit=15&offset=60 response_code=200 return_code=ok total_time=0.098526
ETHON: performed EASY effective_url=http://pokeapi.co/api/v2/pokemon/?limit=15&offset=75 response_code=200 return_code=ok total_time=0.09253299999999998
ETHON: performed EASY effective_url=http://pokeapi.co/api/v2/pokemon/?limit=15&offset=90 response_code=200 return_code=ok total_time=0.095364
Completed 200 OK in 720ms (Views: 4.0ms | ActiveRecord: 0.0ms)


Started GET "/" for 127.0.0.1 at 2017-07-14 12:07:11 -0400
Processing by PokemonController#index as HTML
ETHON: performed EASY effective_url=http://pokeapi.co/api/v2/pokemon/?limit=15&offset=0 response_code=200 return_code=ok total_time=0.22579300000000002
ETHON: performed EASY effective_url=http://pokeapi.co/api/v2/pokemon/?limit=15&offset=15 response_code=200 return_code=ok total_time=0.114268
ETHON: performed EASY effective_url=http://pokeapi.co/api/v2/pokemon/?limit=15&offset=30 response_code=200 return_code=ok total_time=0.19376
ETHON: performed EASY effective_url=http://pokeapi.co/api/v2/pokemon/?limit=15&offset=45 response_code=200 return_code=ok total_time=0.084446
ETHON: performed EASY effective_url=http://pokeapi.co/api/v2/pokemon/?limit=15&offset=60 response_code=200 return_code=ok total_time=0.21398
ETHON: performed EASY effective_url=http://pokeapi.co/api/v2/pokemon/?limit=15&offset=75 response_code=200 return_code=ok total_time=0.128258
ETHON: performed EASY effective_url=http://pokeapi.co/api/v2/pokemon/?limit=15&offset=90 response_code=200 return_code=ok total_time=0.098324
  Rendering pokemon/index.html.erb within layouts/application
  Rendered pokemon/index.html.erb within layouts/application (1.4ms)
Completed 200 OK in 1125ms (Views: 61.3ms | ActiveRecord: 0.0ms)


Started GET "/" for 127.0.0.1 at 2017-07-14 12:07:14 -0400
Processing by PokemonController#index as JSON
ETHON: performed EASY effective_url=http://pokeapi.co/api/v2/pokemon/?limit=15&offset=0 response_code=200 return_code=ok total_time=0.110627
ETHON: performed EASY effective_url=http://pokeapi.co/api/v2/pokemon/?limit=15&offset=15 response_code=200 return_code=ok total_time=0.259025
ETHON: performed EASY effective_url=http://pokeapi.co/api/v2/pokemon/?limit=15&offset=30 response_code=200 return_code=ok total_time=0.10034100000000001
ETHON: performed EASY effective_url=http://pokeapi.co/api/v2/pokemon/?limit=15&offset=45 response_code=200 return_code=ok total_time=0.091322
ETHON: performed EASY effective_url=http://pokeapi.co/api/v2/pokemon/?limit=15&offset=60 response_code=200 return_code=ok total_time=0.102761
ETHON: performed EASY effective_url=http://pokeapi.co/api/v2/pokemon/?limit=15&offset=75 response_code=200 return_code=ok total_time=0.129367
ETHON: performed EASY effective_url=http://pokeapi.co/api/v2/pokemon/?limit=15&offset=90 response_code=200 return_code=ok total_time=0.143255
Completed 200 OK in 947ms (Views: 3.8ms | ActiveRecord: 0.0ms)


